{"target": -6136369.619999963, "params": {"alpha": 0.06838308065836035, "end_epsilon": 0.07482920440979424, "episodes": 5000.800623721414, "gamma": 0.9927209931536866, "start_epsilon": 0.5733779454085566}, "datetime": {"datetime": "2025-01-24 02:32:24", "elapsed": 0.0, "delta": 0.0}}
{"target": -6368333.059999965, "params": {"alpha": 0.02292740326763169, "end_epsilon": 0.026763419023990383, "episodes": 7418.925089301334, "gamma": 0.9935709072680761, "start_epsilon": 0.7694083670016785}, "datetime": {"datetime": "2025-01-24 18:48:42", "elapsed": 58578.152729, "delta": 58578.152729}}
{"target": -6107468.13999997, "params": {"alpha": 0.06868723201646126, "end_epsilon": 0.07166975503570835, "episodes": 6431.165748120622, "gamma": 0.9979030569275185, "start_epsilon": 0.5136937965989631}, "datetime": {"datetime": "2025-01-25 07:29:24", "elapsed": 104220.304254, "delta": 45642.151525}}
{"target": -5965638.139999993, "params": {"alpha": 0.1038654514249763, "end_epsilon": 0.047557432213041435, "episodes": 8910.828799120261, "gamma": 0.9912634824473571, "start_epsilon": 0.5990507445424393}, "datetime": {"datetime": "2025-01-26 05:37:29", "elapsed": 183904.905705, "delta": 79684.601451}}
{"target": -5957864.959999977, "params": {"alpha": 0.12210423961457512, "end_epsilon": 0.09714354181474578, "episodes": 7193.9692471147, "gamma": 0.9962309035410238, "start_epsilon": 0.9381945761480192}, "datetime": {"datetime": "2025-01-27 00:53:02", "elapsed": 253237.70038, "delta": 69332.794675}}
